<?xml version="1.0" encoding="UTF-8"?>
<testng-results ignored="0" total="1" passed="1" failed="0" skipped="0">
  <reporter-output>
  </reporter-output>
  <suite started-at="2022-09-20T19:15:46 IST" name="Default suite" finished-at="2022-09-20T19:15:54 IST" duration-ms="7879">
    <groups>
    </groups>
    <test started-at="2022-09-20T19:15:46 IST" name="Default test" finished-at="2022-09-20T19:15:54 IST" duration-ms="7879">
      <class name="CanvasTrim">
        <test-method signature="navigation()[pri:0, instance:CanvasTrim@47e2e487]" started-at="2022-09-20T19:15:46 IST" name="navigation" finished-at="2022-09-20T19:15:54 IST" duration-ms="7847" status="PASS">
          <reporter-output>
          </reporter-output>
        </test-method> <!-- navigation -->
      </class> <!-- CanvasTrim -->
    </test> <!-- Default test -->
  </suite> <!-- Default suite -->
</testng-results>
