<?xml version="1.0" encoding="UTF-8"?>
<testng-results ignored="0" total="1" passed="1" failed="0" skipped="0">
  <reporter-output>
  </reporter-output>
  <suite started-at="2022-09-29T15:01:10 IST" name="Default suite" finished-at="2022-09-29T15:01:21 IST" duration-ms="11907">
    <groups>
    </groups>
    <test started-at="2022-09-29T15:01:10 IST" name="Default test" finished-at="2022-09-29T15:01:21 IST" duration-ms="11907">
      <class name="SignDeskQrCode">
        <test-method signature="getqrcode()[pri:0, instance:SignDeskQrCode@13e344d]" started-at="2022-09-29T15:01:10 IST" name="getqrcode" finished-at="2022-09-29T15:01:21 IST" duration-ms="11734" status="PASS">
          <reporter-output>
          </reporter-output>
        </test-method> <!-- getqrcode -->
        <test-method is-config="true" signature="endtest()[pri:0, instance:SignDeskQrCode@13e344d]" started-at="2022-09-29T15:01:21 IST" name="endtest" finished-at="2022-09-29T15:01:21 IST" duration-ms="144" status="PASS">
          <reporter-output>
          </reporter-output>
        </test-method> <!-- endtest -->
      </class> <!-- SignDeskQrCode -->
    </test> <!-- Default test -->
  </suite> <!-- Default suite -->
</testng-results>
